<?xml version="1.0" encoding="UTF-8"?>
<!-- Generated by org.testng.reporters.JUnitXMLReporter -->
<testsuite hostname="SILICUS253" name="Default test" tests="3" failures="0" timestamp="20 Dec 2017 10:29:18 GMT" time="0.025" errors="0">
  <testcase name="@BeforeTest openBrowser" time="0.0" classname="testClasses.CreateSurveyTemplateTest">
    <failure type="org.testng.TestNGException" message="
Parameter &amp;apos;Browser&amp;apos; is required by @Configuration on method openBrowser but has not been marked @Optional or defined
in C:\Users\spuranik\AppData\Local\Temp\testng-eclipse-1675095186\testng-customsuite.xml">
      <![CDATA[org.testng.TestNGException: 
Parameter 'Browser' is required by @Configuration on method openBrowser but has not been marked @Optional or defined
in C:\Users\spuranik\AppData\Local\Temp\testng-eclipse-1675095186\testng-customsuite.xml
	at org.testng.internal.Parameters.createParameters(Parameters.java:155)
	at org.testng.internal.Parameters.createParameters(Parameters.java:355)
	at org.testng.internal.Parameters.createConfigurationParameters(Parameters.java:86)
	at org.testng.internal.Invoker.invokeConfigurations(Invoker.java:199)
	at org.testng.internal.Invoker.invokeConfigurations(Invoker.java:138)
	at org.testng.TestRunner.beforeRun(TestRunner.java:641)
	at org.testng.TestRunner.run(TestRunner.java:609)
	at org.testng.SuiteRunner.runTest(SuiteRunner.java:334)
	at org.testng.SuiteRunner.runSequentially(SuiteRunner.java:329)
	at org.testng.SuiteRunner.privateRun(SuiteRunner.java:291)
	at org.testng.SuiteRunner.run(SuiteRunner.java:240)
	at org.testng.SuiteRunnerWorker.runSuite(SuiteRunnerWorker.java:52)
	at org.testng.SuiteRunnerWorker.run(SuiteRunnerWorker.java:86)
	at org.testng.TestNG.runSuitesSequentially(TestNG.java:1198)
	at org.testng.TestNG.runSuitesLocally(TestNG.java:1123)
	at org.testng.TestNG.run(TestNG.java:1031)
	at org.testng.remote.AbstractRemoteTestNG.run(AbstractRemoteTestNG.java:114)
	at org.testng.remote.RemoteTestNG.initAndRun(RemoteTestNG.java:251)
	at org.testng.remote.RemoteTestNG.main(RemoteTestNG.java:77)
]]>
    </failure>
  </testcase> <!-- @BeforeTest openBrowser -->
  <testcase name="openSurveyTemplates" time="0.004" classname="testClasses.CreateSurveyTemplateTest">
    <skipped/>
  </testcase> <!-- openSurveyTemplates -->
  <testcase name="createNewSurveyTemplate" time="0.001" classname="testClasses.CreateSurveyTemplateTest">
    <skipped/>
  </testcase> <!-- createNewSurveyTemplate -->
  <testcase name="selectClientsForTemplate" time="0.0" classname="testClasses.CreateSurveyTemplateTest">
    <skipped/>
  </testcase> <!-- selectClientsForTemplate -->
</testsuite> <!-- Default test -->
